<?xml version="1.0" encoding="UTF-8"?>
<!-- Generated by org.testng.reporters.JUnitXMLReporter -->
<testsuite ignored="0" hostname="LAPTOP-QN6PRJF5" failures="0" tests="5" name="Test" time="7.283" errors="0" timestamp="2023-09-26T21:50:43 IST">
  <testcase classname="test.Test1" name="setdata" time="0.207"/>
  <testcase classname="test.Test1" name="addpet" time="3.579"/>
  <testcase classname="test.Test1" name="getpetbyid" time="1.167"/>
  <testcase classname="test.Test1" name="updatepetbyname" time="1.162"/>
  <testcase classname="test.Test1" name="deletepetbyid" time="1.106"/>
</testsuite> <!-- Test -->
